2025-08-04T12:22:01.540+05:30  INFO 17732 --- [employee-service] [main] c.l.l.LoyaltyProgramApplicationTests     : Starting LoyaltyProgramApplicationTests using Java 23.0.1 with PID 17732 (started by Shuja H Jilani in D:\IntelliJProjects\loyaltyProgram)
2025-08-04T12:22:01.544+05:30  INFO 17732 --- [employee-service] [main] c.l.l.LoyaltyProgramApplicationTests     : No active profile set, falling back to 1 default profile: "default"
2025-08-04T12:22:02.821+05:30  INFO 17732 --- [employee-service] [main] .s.d.r.c.RepositoryConfigurationDelegate : Bootstrapping Spring Data JPA repositories in DEFAULT mode.
2025-08-04T12:22:02.892+05:30  INFO 17732 --- [employee-service] [main] .s.d.r.c.RepositoryConfigurationDelegate : Finished Spring Data repository scanning in 59 ms. Found 1 JPA repository interface.
2025-08-04T12:22:03.965+05:30  INFO 17732 --- [employee-service] [main] o.hibernate.jpa.internal.util.LogHelper  : HHH000204: Processing PersistenceUnitInfo [name: default]
2025-08-04T12:22:04.133+05:30  INFO 17732 --- [employee-service] [main] org.hibernate.Version                    : HHH000412: Hibernate ORM core version 6.6.22.Final
2025-08-04T12:22:04.228+05:30  INFO 17732 --- [employee-service] [main] o.h.c.internal.RegionFactoryInitiator    : HHH000026: Second-level cache disabled
2025-08-04T12:22:05.001+05:30  INFO 17732 --- [employee-service] [main] o.s.o.j.p.SpringPersistenceUnitInfo      : No LoadTimeWeaver setup: ignoring JPA class transformer
2025-08-04T12:22:05.072+05:30  INFO 17732 --- [employee-service] [main] com.zaxxer.hikari.HikariDataSource       : HikariPool-1 - Starting...
2025-08-04T12:22:05.573+05:30  INFO 17732 --- [employee-service] [main] com.zaxxer.hikari.pool.HikariPool        : HikariPool-1 - Added connection org.postgresql.jdbc.PgConnection@12223f2b
2025-08-04T12:22:05.577+05:30  INFO 17732 --- [employee-service] [main] com.zaxxer.hikari.HikariDataSource       : HikariPool-1 - Start completed.
2025-08-04T12:22:05.809+05:30  INFO 17732 --- [employee-service] [main] org.hibernate.orm.connections.pooling    : HHH10001005: Database info:
	Database JDBC URL [Connecting through datasource 'HikariDataSource (HikariPool-1)']
	Database driver: undefined/unknown
	Database version: 17.2
	Autocommit mode: undefined/unknown
	Isolation level: undefined/unknown
	Minimum pool size: undefined/unknown
	Maximum pool size: undefined/unknown
2025-08-04T12:22:08.119+05:30  INFO 17732 --- [employee-service] [main] o.h.e.t.j.p.i.JtaPlatformInitiator       : HHH000489: No JTA platform available (set 'hibernate.transaction.jta.platform' to enable JTA platform integration)
2025-08-04T12:22:08.313+05:30  INFO 17732 --- [employee-service] [main] j.LocalContainerEntityManagerFactoryBean : Initialized JPA EntityManagerFactory for persistence unit 'default'
2025-08-04T12:22:09.141+05:30  WARN 17732 --- [employee-service] [main] JpaBaseConfiguration$JpaWebConfiguration : spring.jpa.open-in-view is enabled by default. Therefore, database queries may be performed during view rendering. Explicitly configure spring.jpa.open-in-view to disable this warning
2025-08-04T12:22:09.855+05:30  WARN 17732 --- [employee-service] [main] .s.s.UserDetailsServiceAutoConfiguration : 

Using generated security password: 6dc1df73-c6e9-42c4-8fd7-ad7e1305da1d

This generated password is for development use only. Your security configuration must be updated before running your application in production.

2025-08-04T12:22:09.868+05:30  INFO 17732 --- [employee-service] [main] r$InitializeUserDetailsManagerConfigurer : Global AuthenticationManager configured with UserDetailsService bean with name inMemoryUserDetailsManager
2025-08-04T12:22:10.142+05:30  INFO 17732 --- [employee-service] [main] c.l.l.LoyaltyProgramApplicationTests     : Started LoyaltyProgramApplicationTests in 9.454 seconds (process running for 11.837)
2025-08-04T12:22:11.390+05:30  INFO 17732 --- [employee-service] [SpringApplicationShutdownHook] j.LocalContainerEntityManagerFactoryBean : Closing JPA EntityManagerFactory for persistence unit 'default'
2025-08-04T12:22:11.396+05:30  INFO 17732 --- [employee-service] [SpringApplicationShutdownHook] com.zaxxer.hikari.HikariDataSource       : HikariPool-1 - Shutdown initiated...
2025-08-04T12:22:11.409+05:30  INFO 17732 --- [employee-service] [SpringApplicationShutdownHook] com.zaxxer.hikari.HikariDataSource       : HikariPool-1 - Shutdown completed.
2025-08-04T13:22:30.925+05:30  INFO 38564 --- [employee-service] [main] c.l.l.LoyaltyProgramApplicationTests     : Starting LoyaltyProgramApplicationTests using Java 23.0.1 with PID 38564 (started by Shuja H Jilani in D:\IntelliJProjects\loyaltyProgram)
2025-08-04T13:22:30.927+05:30  INFO 38564 --- [employee-service] [main] c.l.l.LoyaltyProgramApplicationTests     : No active profile set, falling back to 1 default profile: "default"
2025-08-04T13:22:31.981+05:30  INFO 38564 --- [employee-service] [main] .s.d.r.c.RepositoryConfigurationDelegate : Bootstrapping Spring Data JPA repositories in DEFAULT mode.
2025-08-04T13:22:32.055+05:30  INFO 38564 --- [employee-service] [main] .s.d.r.c.RepositoryConfigurationDelegate : Finished Spring Data repository scanning in 59 ms. Found 1 JPA repository interface.
2025-08-04T13:22:33.061+05:30  INFO 38564 --- [employee-service] [main] o.hibernate.jpa.internal.util.LogHelper  : HHH000204: Processing PersistenceUnitInfo [name: default]
2025-08-04T13:22:33.172+05:30  INFO 38564 --- [employee-service] [main] org.hibernate.Version                    : HHH000412: Hibernate ORM core version 6.6.22.Final
2025-08-04T13:22:33.222+05:30  INFO 38564 --- [employee-service] [main] o.h.c.internal.RegionFactoryInitiator    : HHH000026: Second-level cache disabled
2025-08-04T13:22:33.667+05:30  INFO 38564 --- [employee-service] [main] o.s.o.j.p.SpringPersistenceUnitInfo      : No LoadTimeWeaver setup: ignoring JPA class transformer
2025-08-04T13:22:33.737+05:30  INFO 38564 --- [employee-service] [main] com.zaxxer.hikari.HikariDataSource       : HikariPool-1 - Starting...
2025-08-04T13:22:34.017+05:30  INFO 38564 --- [employee-service] [main] com.zaxxer.hikari.pool.HikariPool        : HikariPool-1 - Added connection org.postgresql.jdbc.PgConnection@a97a895
2025-08-04T13:22:34.018+05:30  INFO 38564 --- [employee-service] [main] com.zaxxer.hikari.HikariDataSource       : HikariPool-1 - Start completed.
2025-08-04T13:22:34.120+05:30  INFO 38564 --- [employee-service] [main] org.hibernate.orm.connections.pooling    : HHH10001005: Database info:
	Database JDBC URL [Connecting through datasource 'HikariDataSource (HikariPool-1)']
	Database driver: undefined/unknown
	Database version: 17.5
	Autocommit mode: undefined/unknown
	Isolation level: undefined/unknown
	Minimum pool size: undefined/unknown
	Maximum pool size: undefined/unknown
2025-08-04T13:22:35.223+05:30  INFO 38564 --- [employee-service] [main] o.h.e.t.j.p.i.JtaPlatformInitiator       : HHH000489: No JTA platform available (set 'hibernate.transaction.jta.platform' to enable JTA platform integration)
2025-08-04T13:22:35.300+05:30  INFO 38564 --- [employee-service] [main] j.LocalContainerEntityManagerFactoryBean : Initialized JPA EntityManagerFactory for persistence unit 'default'
2025-08-04T13:22:36.105+05:30  WARN 38564 --- [employee-service] [main] JpaBaseConfiguration$JpaWebConfiguration : spring.jpa.open-in-view is enabled by default. Therefore, database queries may be performed during view rendering. Explicitly configure spring.jpa.open-in-view to disable this warning
2025-08-04T13:22:37.289+05:30  WARN 38564 --- [employee-service] [main] .s.s.UserDetailsServiceAutoConfiguration : 

Using generated security password: 0e0fae59-1fa8-45e2-a316-1f3e2b5ba307

This generated password is for development use only. Your security configuration must be updated before running your application in production.

2025-08-04T13:22:37.323+05:30  INFO 38564 --- [employee-service] [main] r$InitializeUserDetailsManagerConfigurer : Global AuthenticationManager configured with UserDetailsService bean with name inMemoryUserDetailsManager
2025-08-04T13:22:37.878+05:30  INFO 38564 --- [employee-service] [main] c.l.l.LoyaltyProgramApplicationTests     : Started LoyaltyProgramApplicationTests in 7.371 seconds (process running for 42.498)
2025-08-04T13:22:39.186+05:30  INFO 38564 --- [employee-service] [main] c.l.loyaltyProgram.aspect.LoggingAspect  : Method: Employee com.loyaltyProgramPOC.loyaltyProgram.service.EmployeeService.createEmployee(Employee) called with arguments: [com.loyaltyProgramPOC.loyaltyProgram.entity.Employee@ecc5101]
2025-08-04T13:22:39.554+05:30  INFO 38564 --- [employee-service] [main] c.l.loyaltyProgram.aspect.LoggingAspect  : Method: Employee com.loyaltyProgramPOC.loyaltyProgram.service.EmployeeService.createEmployee(Employee) completed in 367ms
2025-08-04T13:22:39.555+05:30  INFO 38564 --- [employee-service] [main] c.l.loyaltyProgram.aspect.LoggingAspect  : Method: List com.loyaltyProgramPOC.loyaltyProgram.service.EmployeeService.getAllEmployees() called with arguments: []
2025-08-04T13:22:39.853+05:30  INFO 38564 --- [employee-service] [main] c.l.loyaltyProgram.aspect.LoggingAspect  : Method: List com.loyaltyProgramPOC.loyaltyProgram.service.EmployeeService.getAllEmployees() completed in 297ms
2025-08-04T13:22:41.423+05:30  INFO 38564 --- [employee-service] [SpringApplicationShutdownHook] j.LocalContainerEntityManagerFactoryBean : Closing JPA EntityManagerFactory for persistence unit 'default'
2025-08-04T13:22:41.430+05:30  INFO 38564 --- [employee-service] [SpringApplicationShutdownHook] com.zaxxer.hikari.HikariDataSource       : HikariPool-1 - Shutdown initiated...
2025-08-04T13:22:41.438+05:30  INFO 38564 --- [employee-service] [SpringApplicationShutdownHook] com.zaxxer.hikari.HikariDataSource       : HikariPool-1 - Shutdown completed.
2025-08-04T14:45:54.378+05:30  INFO 30496 --- [employee-service] [main] c.l.l.EmployeeExternalApiWireMockTest    : Starting EmployeeExternalApiWireMockTest using Java 23.0.1 with PID 30496 (started by Shuja H Jilani in D:\IntelliJProjects\loyaltyProgram)
2025-08-04T14:45:54.379+05:30  INFO 30496 --- [employee-service] [main] c.l.l.EmployeeExternalApiWireMockTest    : No active profile set, falling back to 1 default profile: "default"
2025-08-04T14:45:55.146+05:30  INFO 30496 --- [employee-service] [main] .s.d.r.c.RepositoryConfigurationDelegate : Bootstrapping Spring Data JPA repositories in DEFAULT mode.
2025-08-04T14:45:55.197+05:30  INFO 30496 --- [employee-service] [main] .s.d.r.c.RepositoryConfigurationDelegate : Finished Spring Data repository scanning in 38 ms. Found 1 JPA repository interface.
2025-08-04T14:45:55.874+05:30  INFO 30496 --- [employee-service] [main] o.hibernate.jpa.internal.util.LogHelper  : HHH000204: Processing PersistenceUnitInfo [name: default]
2025-08-04T14:45:55.987+05:30  INFO 30496 --- [employee-service] [main] org.hibernate.Version                    : HHH000412: Hibernate ORM core version 6.6.22.Final
2025-08-04T14:45:56.034+05:30  INFO 30496 --- [employee-service] [main] o.h.c.internal.RegionFactoryInitiator    : HHH000026: Second-level cache disabled
2025-08-04T14:45:56.343+05:30  INFO 30496 --- [employee-service] [main] o.s.o.j.p.SpringPersistenceUnitInfo      : No LoadTimeWeaver setup: ignoring JPA class transformer
2025-08-04T14:45:56.375+05:30  INFO 30496 --- [employee-service] [main] com.zaxxer.hikari.HikariDataSource       : HikariPool-1 - Starting...
2025-08-04T14:45:56.559+05:30  INFO 30496 --- [employee-service] [main] com.zaxxer.hikari.pool.HikariPool        : HikariPool-1 - Added connection org.postgresql.jdbc.PgConnection@107ebdad
2025-08-04T14:45:56.561+05:30  INFO 30496 --- [employee-service] [main] com.zaxxer.hikari.HikariDataSource       : HikariPool-1 - Start completed.
2025-08-04T14:45:56.639+05:30  INFO 30496 --- [employee-service] [main] org.hibernate.orm.connections.pooling    : HHH10001005: Database info:
	Database JDBC URL [Connecting through datasource 'HikariDataSource (HikariPool-1)']
	Database driver: undefined/unknown
	Database version: 17.2
	Autocommit mode: undefined/unknown
	Isolation level: undefined/unknown
	Minimum pool size: undefined/unknown
	Maximum pool size: undefined/unknown
2025-08-04T14:45:57.463+05:30  INFO 30496 --- [employee-service] [main] o.h.e.t.j.p.i.JtaPlatformInitiator       : HHH000489: No JTA platform available (set 'hibernate.transaction.jta.platform' to enable JTA platform integration)
2025-08-04T14:45:57.525+05:30  INFO 30496 --- [employee-service] [main] j.LocalContainerEntityManagerFactoryBean : Initialized JPA EntityManagerFactory for persistence unit 'default'
2025-08-04T14:45:57.983+05:30  WARN 30496 --- [employee-service] [main] JpaBaseConfiguration$JpaWebConfiguration : spring.jpa.open-in-view is enabled by default. Therefore, database queries may be performed during view rendering. Explicitly configure spring.jpa.open-in-view to disable this warning
2025-08-04T14:45:58.473+05:30  WARN 30496 --- [employee-service] [main] .s.s.UserDetailsServiceAutoConfiguration : 

Using generated security password: aa495f0f-adcd-4bf0-98fb-9885e62832f5

This generated password is for development use only. Your security configuration must be updated before running your application in production.

2025-08-04T14:45:58.485+05:30  INFO 30496 --- [employee-service] [main] r$InitializeUserDetailsManagerConfigurer : Global AuthenticationManager configured with UserDetailsService bean with name inMemoryUserDetailsManager
2025-08-04T14:45:58.660+05:30  INFO 30496 --- [employee-service] [main] c.l.l.EmployeeExternalApiWireMockTest    : Started EmployeeExternalApiWireMockTest in 4.602 seconds (process running for 7.063)
2025-08-04T14:45:59.076+05:30  INFO 30496 --- [employee-service] [main] c.l.loyaltyProgram.aspect.LoggingAspect  : Method: String com.loyaltyProgramPOC.loyaltyProgram.service.EmployeeService.fetchExternalEmployeeDetails(Long) called with arguments: [101]
2025-08-04T14:45:59.319+05:30  INFO 30496 --- [employee-service] [main] c.l.loyaltyProgram.aspect.LoggingAspect  : Method: String com.loyaltyProgramPOC.loyaltyProgram.service.EmployeeService.fetchExternalEmployeeDetails(Long) completed in 243ms
2025-08-04T14:45:59.355+05:30  INFO 30496 --- [employee-service] [SpringApplicationShutdownHook] j.LocalContainerEntityManagerFactoryBean : Closing JPA EntityManagerFactory for persistence unit 'default'
2025-08-04T14:45:59.359+05:30  INFO 30496 --- [employee-service] [SpringApplicationShutdownHook] com.zaxxer.hikari.HikariDataSource       : HikariPool-1 - Shutdown initiated...
2025-08-04T14:45:59.362+05:30  INFO 30496 --- [employee-service] [SpringApplicationShutdownHook] com.zaxxer.hikari.HikariDataSource       : HikariPool-1 - Shutdown completed.
2025-08-04T15:11:13.566+05:30  INFO 45812 --- [employee-service] [main] c.l.l.EmployeeExternalApiWireMockTest    : Starting EmployeeExternalApiWireMockTest using Java 23.0.1 with PID 45812 (started by Shuja H Jilani in D:\IntelliJProjects\loyaltyProgram)
2025-08-04T15:11:13.568+05:30  INFO 45812 --- [employee-service] [main] c.l.l.EmployeeExternalApiWireMockTest    : No active profile set, falling back to 1 default profile: "default"
2025-08-04T15:11:14.523+05:30  INFO 45812 --- [employee-service] [main] .s.d.r.c.RepositoryConfigurationDelegate : Bootstrapping Spring Data JPA repositories in DEFAULT mode.
2025-08-04T15:11:14.610+05:30  INFO 45812 --- [employee-service] [main] .s.d.r.c.RepositoryConfigurationDelegate : Finished Spring Data repository scanning in 66 ms. Found 1 JPA repository interface.
2025-08-04T15:11:15.626+05:30  INFO 45812 --- [employee-service] [main] o.hibernate.jpa.internal.util.LogHelper  : HHH000204: Processing PersistenceUnitInfo [name: default]
2025-08-04T15:11:15.774+05:30  INFO 45812 --- [employee-service] [main] org.hibernate.Version                    : HHH000412: Hibernate ORM core version 6.6.22.Final
2025-08-04T15:11:15.858+05:30  INFO 45812 --- [employee-service] [main] o.h.c.internal.RegionFactoryInitiator    : HHH000026: Second-level cache disabled
2025-08-04T15:11:16.283+05:30  INFO 45812 --- [employee-service] [main] o.s.o.j.p.SpringPersistenceUnitInfo      : No LoadTimeWeaver setup: ignoring JPA class transformer
2025-08-04T15:11:16.326+05:30  INFO 45812 --- [employee-service] [main] com.zaxxer.hikari.HikariDataSource       : HikariPool-1 - Starting...
2025-08-04T15:11:16.583+05:30  INFO 45812 --- [employee-service] [main] com.zaxxer.hikari.pool.HikariPool        : HikariPool-1 - Added connection org.postgresql.jdbc.PgConnection@5b71af0d
2025-08-04T15:11:16.584+05:30  INFO 45812 --- [employee-service] [main] com.zaxxer.hikari.HikariDataSource       : HikariPool-1 - Start completed.
2025-08-04T15:11:16.696+05:30  INFO 45812 --- [employee-service] [main] org.hibernate.orm.connections.pooling    : HHH10001005: Database info:
	Database JDBC URL [Connecting through datasource 'HikariDataSource (HikariPool-1)']
	Database driver: undefined/unknown
	Database version: 17.2
	Autocommit mode: undefined/unknown
	Isolation level: undefined/unknown
	Minimum pool size: undefined/unknown
	Maximum pool size: undefined/unknown
2025-08-04T15:11:17.728+05:30  INFO 45812 --- [employee-service] [main] o.h.e.t.j.p.i.JtaPlatformInitiator       : HHH000489: No JTA platform available (set 'hibernate.transaction.jta.platform' to enable JTA platform integration)
2025-08-04T15:11:17.795+05:30  INFO 45812 --- [employee-service] [main] j.LocalContainerEntityManagerFactoryBean : Initialized JPA EntityManagerFactory for persistence unit 'default'
2025-08-04T15:11:18.420+05:30  WARN 45812 --- [employee-service] [main] JpaBaseConfiguration$JpaWebConfiguration : spring.jpa.open-in-view is enabled by default. Therefore, database queries may be performed during view rendering. Explicitly configure spring.jpa.open-in-view to disable this warning
2025-08-04T15:11:19.188+05:30  WARN 45812 --- [employee-service] [main] .s.s.UserDetailsServiceAutoConfiguration : 

Using generated security password: d5f6a288-176c-4b66-841e-1e5eda63d17a

This generated password is for development use only. Your security configuration must be updated before running your application in production.

2025-08-04T15:11:19.205+05:30  INFO 45812 --- [employee-service] [main] r$InitializeUserDetailsManagerConfigurer : Global AuthenticationManager configured with UserDetailsService bean with name inMemoryUserDetailsManager
2025-08-04T15:11:19.530+05:30  INFO 45812 --- [employee-service] [main] c.l.l.EmployeeExternalApiWireMockTest    : Started EmployeeExternalApiWireMockTest in 6.419 seconds (process running for 9.366)
2025-08-04T15:11:20.233+05:30  INFO 45812 --- [employee-service] [main] c.l.loyaltyProgram.aspect.LoggingAspect  : Method: String com.loyaltyProgramPOC.loyaltyProgram.service.EmployeeService.fetchExternalEmployeeDetails(Long) called with arguments: [101]
2025-08-04T15:11:20.483+05:30  INFO 45812 --- [employee-service] [main] c.l.loyaltyProgram.aspect.LoggingAspect  : Method: String com.loyaltyProgramPOC.loyaltyProgram.service.EmployeeService.fetchExternalEmployeeDetails(Long) completed in 250ms
2025-08-04T15:11:20.540+05:30  INFO 45812 --- [employee-service] [SpringApplicationShutdownHook] j.LocalContainerEntityManagerFactoryBean : Closing JPA EntityManagerFactory for persistence unit 'default'
2025-08-04T15:11:20.544+05:30  INFO 45812 --- [employee-service] [SpringApplicationShutdownHook] com.zaxxer.hikari.HikariDataSource       : HikariPool-1 - Shutdown initiated...
2025-08-04T15:11:20.550+05:30  INFO 45812 --- [employee-service] [SpringApplicationShutdownHook] com.zaxxer.hikari.HikariDataSource       : HikariPool-1 - Shutdown completed.
2025-08-04T15:58:15.709+05:30  INFO 22844 --- [employee-service] [main] c.l.l.ExternalEmployeeClientTest         : Starting ExternalEmployeeClientTest using Java 23.0.1 with PID 22844 (started by Shuja H Jilani in D:\IntelliJProjects\loyaltyProgram)
2025-08-04T15:58:15.710+05:30  INFO 22844 --- [employee-service] [main] c.l.l.ExternalEmployeeClientTest         : No active profile set, falling back to 1 default profile: "default"
2025-08-04T15:58:16.507+05:30  INFO 22844 --- [employee-service] [main] .s.d.r.c.RepositoryConfigurationDelegate : Bootstrapping Spring Data JPA repositories in DEFAULT mode.
2025-08-04T15:58:16.702+05:30  INFO 22844 --- [employee-service] [main] .s.d.r.c.RepositoryConfigurationDelegate : Finished Spring Data repository scanning in 182 ms. Found 1 JPA repository interface.
2025-08-04T15:58:17.437+05:30  INFO 22844 --- [employee-service] [main] o.hibernate.jpa.internal.util.LogHelper  : HHH000204: Processing PersistenceUnitInfo [name: default]
2025-08-04T15:58:17.524+05:30  INFO 22844 --- [employee-service] [main] org.hibernate.Version                    : HHH000412: Hibernate ORM core version 6.6.22.Final
2025-08-04T15:58:17.573+05:30  INFO 22844 --- [employee-service] [main] o.h.c.internal.RegionFactoryInitiator    : HHH000026: Second-level cache disabled
2025-08-04T15:58:17.885+05:30  INFO 22844 --- [employee-service] [main] o.s.o.j.p.SpringPersistenceUnitInfo      : No LoadTimeWeaver setup: ignoring JPA class transformer
2025-08-04T15:58:17.917+05:30  INFO 22844 --- [employee-service] [main] com.zaxxer.hikari.HikariDataSource       : HikariPool-1 - Starting...
2025-08-04T15:58:18.122+05:30  INFO 22844 --- [employee-service] [main] com.zaxxer.hikari.pool.HikariPool        : HikariPool-1 - Added connection org.postgresql.jdbc.PgConnection@c6a3f47
2025-08-04T15:58:18.123+05:30  INFO 22844 --- [employee-service] [main] com.zaxxer.hikari.HikariDataSource       : HikariPool-1 - Start completed.
2025-08-04T15:58:18.229+05:30  INFO 22844 --- [employee-service] [main] org.hibernate.orm.connections.pooling    : HHH10001005: Database info:
	Database JDBC URL [Connecting through datasource 'HikariDataSource (HikariPool-1)']
	Database driver: undefined/unknown
	Database version: 17.2
	Autocommit mode: undefined/unknown
	Isolation level: undefined/unknown
	Minimum pool size: undefined/unknown
	Maximum pool size: undefined/unknown
2025-08-04T15:58:19.070+05:30  INFO 22844 --- [employee-service] [main] o.h.e.t.j.p.i.JtaPlatformInitiator       : HHH000489: No JTA platform available (set 'hibernate.transaction.jta.platform' to enable JTA platform integration)
2025-08-04T15:58:19.152+05:30  INFO 22844 --- [employee-service] [main] j.LocalContainerEntityManagerFactoryBean : Initialized JPA EntityManagerFactory for persistence unit 'default'
2025-08-04T15:58:20.168+05:30  WARN 22844 --- [employee-service] [main] JpaBaseConfiguration$JpaWebConfiguration : spring.jpa.open-in-view is enabled by default. Therefore, database queries may be performed during view rendering. Explicitly configure spring.jpa.open-in-view to disable this warning
2025-08-04T15:58:20.614+05:30  WARN 22844 --- [employee-service] [main] .s.s.UserDetailsServiceAutoConfiguration : 

Using generated security password: 0651d870-2132-43aa-a6df-d9478826d1c7

This generated password is for development use only. Your security configuration must be updated before running your application in production.

2025-08-04T15:58:20.625+05:30  INFO 22844 --- [employee-service] [main] r$InitializeUserDetailsManagerConfigurer : Global AuthenticationManager configured with UserDetailsService bean with name inMemoryUserDetailsManager
2025-08-04T15:58:20.812+05:30  INFO 22844 --- [employee-service] [main] c.l.l.ExternalEmployeeClientTest         : Started ExternalEmployeeClientTest in 5.508 seconds (process running for 8.111)
2025-08-04T15:58:21.846+05:30  INFO 22844 --- [employee-service] [SpringApplicationShutdownHook] j.LocalContainerEntityManagerFactoryBean : Closing JPA EntityManagerFactory for persistence unit 'default'
2025-08-04T15:58:21.849+05:30  INFO 22844 --- [employee-service] [SpringApplicationShutdownHook] com.zaxxer.hikari.HikariDataSource       : HikariPool-1 - Shutdown initiated...
2025-08-04T15:58:21.854+05:30  INFO 22844 --- [employee-service] [SpringApplicationShutdownHook] com.zaxxer.hikari.HikariDataSource       : HikariPool-1 - Shutdown completed.
